[    0.000000] Linux version 4.15.0-65-generic (buildd@lgw01-amd64-006) (gcc version 7.4.0 (Ubuntu 7.4.0-1ubuntu1~18.04.1)) #74-Ubuntu SMP Tue Sep 17 17:06:04 UTC 2019 (Ubuntu 4.15.0-65.74-generic 4.15.18)
[    0.000000] Command line: BOOT_IMAGE=/boot/vmlinuz-4.15.0-65-generic root=UUID=65f13bad-aa48-4f5e-b551-df2e6d39fa51 ro console=tty1 console=ttyS0
[    0.000000] KERNEL supported cpus:
[    0.000000]   Intel GenuineIntel
[    0.000000]   AMD AuthenticAMD
[    0.000000]   Centaur CentaurHauls
[    0.000000] [Firmware Bug]: TSC doesn't count with P0 frequency!
[    0.000000] x86/fpu: Supporting XSAVE feature 0x001: 'x87 floating point registers'
[    0.000000] x86/fpu: Supporting XSAVE feature 0x002: 'SSE registers'
[    0.000000] x86/fpu: Supporting XSAVE feature 0x004: 'AVX registers'
[    0.000000] x86/fpu: xstate_offset[2]:  576, xstate_sizes[2]:  256
[    0.000000] x86/fpu: Enabled xstate features 0x7, context size is 832 bytes, using 'standard' format.
[    0.000000] e820: BIOS-provided physical RAM map:
[    0.000000] BIOS-e820: [mem 0x0000000000000000-0x000000000009fbff] usable
[    0.000000] BIOS-e820: [mem 0x000000000009fc00-0x000000000009ffff] reserved
[    0.000000] BIOS-e820: [mem 0x00000000000f0000-0x00000000000fffff] reserved
[    0.000000] BIOS-e820: [mem 0x0000000000100000-0x00000000dffeffff] usable
[    0.000000] BIOS-e820: [mem 0x00000000dfff0000-0x00000000dfffffff] ACPI data
[    0.000000] BIOS-e820: [mem 0x00000000fec00000-0x00000000fec00fff] reserved
[    0.000000] BIOS-e820: [mem 0x00000000fee00000-0x00000000fee00fff] reserved
[    0.000000] BIOS-e820: [mem 0x00000000fffc0000-0x00000000ffffffff] reserved
[    0.000000] BIOS-e820: [mem 0x0000000100000000-0x000000021fffffff] usable
[    0.000000] NX (Execute Disable) protection: active
[    0.000000] SMBIOS 2.5 present.
[    0.000000] DMI: innotek GmbH VirtualBox/VirtualBox, BIOS VirtualBox 12/01/2006
[    0.000000] Hypervisor detected: KVM
[    0.000000] e820: last_pfn = 0x220000 max_arch_pfn = 0x400000000
[    0.000000] MTRR: Disabled
[    0.000000] x86/PAT: MTRRs disabled, skipping PAT initialization too.
[    0.000000] CPU MTRRs all blank - virtualized system.
[    0.000000] x86/PAT: Configuration [0-7]: WB  WT  UC- UC  WB  WT  UC- UC  
[    0.000000] e820: last_pfn = 0xdfff0 max_arch_pfn = 0x400000000
[    0.000000] found SMP MP-table at [mem 0x0009fff0-0x0009ffff]
[    0.000000] Scanning 1 areas for low memory corruption
[    0.000000] RAMDISK: [mem 0x3597d000-0x36cb5fff]
[    0.000000] ACPI: Early table checksum verification disabled
[    0.000000] ACPI: RSDP 0x00000000000E0000 000024 (v02 VBOX  )
[    0.000000] ACPI: XSDT 0x00000000DFFF0030 00003C (v01 VBOX   VBOXXSDT 00000001 ASL  00000061)
[    0.000000] ACPI: FACP 0x00000000DFFF00F0 0000F4 (v04 VBOX   VBOXFACP 00000001 ASL  00000061)
[    0.000000] ACPI: DSDT 0x00000000DFFF0470 0022EA (v02 VBOX   VBOXBIOS 00000002 INTL 20100528)
[    0.000000] ACPI: FACS 0x00000000DFFF0200 000040
[    0.000000] ACPI: FACS 0x00000000DFFF0200 000040
[    0.000000] ACPI: APIC 0x00000000DFFF0240 00005C (v02 VBOX   VBOXAPIC 00000001 ASL  00000061)
[    0.000000] ACPI: SSDT 0x00000000DFFF02A0 0001CC (v01 VBOX   VBOXCPUT 00000002 INTL 20100528)
[    0.000000] No NUMA configuration found
[    0.000000] Faking a node at [mem 0x0000000000000000-0x000000021fffffff]
[    0.000000] NODE_DATA(0) allocated [mem 0x21ffd1000-0x21fffbfff]
[    0.000000] kvm-clock: cpu 0, msr 2:1ff50001, primary cpu clock
[    0.000000] kvm-clock: Using msrs 4b564d01 and 4b564d00
[    0.000000] kvm-clock: using sched offset of 12008023713 cycles
[    0.000000] clocksource: kvm-clock: mask: 0xffffffffffffffff max_cycles: 0x1cd42e4dffb, max_idle_ns: 881590591483 ns
[    0.000000] Zone ranges:
[    0.000000]   DMA      [mem 0x0000000000001000-0x0000000000ffffff]
[    0.000000]   DMA32    [mem 0x0000000001000000-0x00000000ffffffff]
[    0.000000]   Normal   [mem 0x0000000100000000-0x000000021fffffff]
[    0.000000]   Device   empty
[    0.000000] Movable zone start for each node
[    0.000000] Early memory node ranges
[    0.000000]   node   0: [mem 0x0000000000001000-0x000000000009efff]
[    0.000000]   node   0: [mem 0x0000000000100000-0x00000000dffeffff]
[    0.000000]   node   0: [mem 0x0000000100000000-0x000000021fffffff]
[    0.000000] Reserved but unavailable: 98 pages
[    0.000000] Initmem setup node 0 [mem 0x0000000000001000-0x000000021fffffff]
[    0.000000] ACPI: PM-Timer IO Port: 0x4008
[    0.000000] IOAPIC[0]: apic_id 2, version 32, address 0xfec00000, GSI 0-23
[    0.000000] ACPI: INT_SRC_OVR (bus 0 bus_irq 0 global_irq 2 dfl dfl)
[    0.000000] ACPI: INT_SRC_OVR (bus 0 bus_irq 9 global_irq 9 low level)
[    0.000000] Using ACPI (MADT) for SMP configuration information
[    0.000000] smpboot: Allowing 2 CPUs, 0 hotplug CPUs
[    0.000000] PM: Registered nosave memory: [mem 0x00000000-0x00000fff]
[    0.000000] PM: Registered nosave memory: [mem 0x0009f000-0x0009ffff]
[    0.000000] PM: Registered nosave memory: [mem 0x000a0000-0x000effff]
[    0.000000] PM: Registered nosave memory: [mem 0x000f0000-0x000fffff]
[    0.000000] PM: Registered nosave memory: [mem 0xdfff0000-0xdfffffff]
[    0.000000] PM: Registered nosave memory: [mem 0xe0000000-0xfebfffff]
[    0.000000] PM: Registered nosave memory: [mem 0xfec00000-0xfec00fff]
[    0.000000] PM: Registered nosave memory: [mem 0xfec01000-0xfedfffff]
[    0.000000] PM: Registered nosave memory: [mem 0xfee00000-0xfee00fff]
[    0.000000] PM: Registered nosave memory: [mem 0xfee01000-0xfffbffff]
[    0.000000] PM: Registered nosave memory: [mem 0xfffc0000-0xffffffff]
[    0.000000] e820: [mem 0xe0000000-0xfebfffff] available for PCI devices
[    0.000000] Booting paravirtualized kernel on KVM
[    0.000000] clocksource: refined-jiffies: mask: 0xffffffff max_cycles: 0xffffffff, max_idle_ns: 7645519600211568 ns
[    0.000000] random: get_random_bytes called from start_kernel+0x99/0x4fd with crng_init=0
[    0.000000] setup_percpu: NR_CPUS:8192 nr_cpumask_bits:2 nr_cpu_ids:2 nr_node_ids:1
[    0.000000] percpu: Embedded 46 pages/cpu s151552 r8192 d28672 u1048576
[    0.000000] PV qspinlock hash table entries: 256 (order: 0, 4096 bytes)
[    0.000000] Built 1 zonelists, mobility grouping on.  Total pages: 2064249
[    0.000000] Policy zone: Normal
[    0.000000] Kernel command line: BOOT_IMAGE=/boot/vmlinuz-4.15.0-65-generic root=UUID=65f13bad-aa48-4f5e-b551-df2e6d39fa51 ro console=tty1 console=ttyS0
[    0.000000] Memory: 8142272K/8388152K available (12300K kernel code, 2481K rwdata, 4256K rodata, 2436K init, 2388K bss, 245880K reserved, 0K cma-reserved)
[    0.000000] SLUB: HWalign=64, Order=0-3, MinObjects=0, CPUs=2, Nodes=1
[    0.000000] ftrace: allocating 39301 entries in 154 pages
[    0.004000] Hierarchical RCU implementation.
[    0.004000] 	RCU restricting CPUs from NR_CPUS=8192 to nr_cpu_ids=2.
[    0.004000] 	Tasks RCU enabled.
[    0.004000] RCU: Adjusting geometry for rcu_fanout_leaf=16, nr_cpu_ids=2
[    0.004000] NR_IRQS: 524544, nr_irqs: 440, preallocated irqs: 16
[    0.004000] Console: colour VGA+ 80x25
[    0.004000] console [tty1] enabled
[    0.004000] console [ttyS0] enabled
[    0.004000] ACPI: Core revision 20170831
[    0.004000] ACPI: 2 ACPI AML tables successfully acquired and loaded
[    0.004000] APIC: Switch to symmetric I/O mode setup
[    0.004000] x2apic enabled
[    0.004000] Switched APIC routing to physical x2apic.
[    0.004000] ..TIMER: vector=0x30 apic1=0 pin1=2 apic2=-1 pin2=-1
[    0.004000] tsc: Detected 3393.626 MHz processor
[    0.004000] Calibrating delay loop (skipped) preset value.. 6787.25 BogoMIPS (lpj=13574504)
[    0.004008] pid_max: default: 32768 minimum: 301
[    0.004717] Security Framework initialized
[    0.005331] Yama: becoming mindful.
[    0.005831] AppArmor: AppArmor initialized
[    0.028100] Dentry cache hash table entries: 1048576 (order: 11, 8388608 bytes)
[    0.048092] Inode-cache hash table entries: 524288 (order: 10, 4194304 bytes)
[    0.049065] Mount-cache hash table entries: 16384 (order: 5, 131072 bytes)
[    0.049910] Mountpoint-cache hash table entries: 16384 (order: 5, 131072 bytes)
[    0.052138] Last level iTLB entries: 4KB 1024, 2MB 1024, 4MB 512
[    0.052882] Last level dTLB entries: 4KB 1536, 2MB 1536, 4MB 768, 1GB 0
[    0.053694] Spectre V1 : Mitigation: usercopy/swapgs barriers and __user pointer sanitization
[    0.054854] Spectre V2 : Spectre mitigation: LFENCE not serializing, switching to generic retpoline
[    0.056001] Spectre V2 : Mitigation: Full generic retpoline
[    0.056731] Spectre V2 : Spectre v2 / SpectreRSB mitigation: Filling RSB on context switch
[    0.060002] Speculative Store Bypass: Mitigation: Speculative Store Bypass disabled via prctl and seccomp
[    0.064184] Freeing SMP alternatives memory: 36K
[    0.134840] smpboot: CPU0: AMD Ryzen 5 2600 Six-Core Processor (family: 0x17, model: 0x8, stepping: 0x2)
[    0.136000] Performance Events: PMU not available due to virtualization, using software events only.
[    0.136000] Hierarchical SRCU implementation.
[    0.136527] NMI watchdog: Perf event create on CPU 0 failed with -2
[    0.137322] NMI watchdog: Perf NMI watchdog permanently disabled
[    0.140074] smp: Bringing up secondary CPUs ...
[    0.144078] x86: Booting SMP configuration:
[    0.144733] .... node  #0, CPUs:      #1
[    0.004000] kvm-clock: cpu 1, msr 2:1ff50041, secondary cpu clock
[    0.148027] smp: Brought up 1 node, 2 CPUs
[    0.148566] smpboot: Max logical packages: 1
[    0.149136] smpboot: Total of 2 processors activated (13574.50 BogoMIPS)
[    0.150215] devtmpfs: initialized
[    0.150215] x86/mm: Memory block size: 128MB
[    0.150215] evm: security.selinux
[    0.152008] evm: security.SMACK64
[    0.152473] evm: security.SMACK64EXEC
[    0.156013] evm: security.SMACK64TRANSMUTE
[    0.156655] evm: security.SMACK64MMAP
[    0.160003] evm: security.apparmor
[    0.160606] evm: security.ima
[    0.161071] evm: security.capability
[    0.161687] clocksource: jiffies: mask: 0xffffffff max_cycles: 0xffffffff, max_idle_ns: 7645041785100000 ns
[    0.161687] futex hash table entries: 512 (order: 3, 32768 bytes)
[    0.164066] pinctrl core: initialized pinctrl subsystem
[    0.164895] RTC time: 17:36:57, date: 10/05/19
[    0.165746] NET: Registered protocol family 16
[    0.166465] audit: initializing netlink subsys (disabled)
[    0.168037] audit: type=2000 audit(1570297032.205:1): state=initialized audit_enabled=0 res=1
[    0.169114] cpuidle: using governor ladder
[    0.169114] cpuidle: using governor menu
[    0.169114] ACPI: bus type PCI registered
[    0.169114] acpiphp: ACPI Hot Plug PCI Controller Driver version: 0.5
[    0.172101] PCI: Using configuration type 1 for base access
[    0.172883] PCI: Using configuration type 1 for extended access
[    0.176053] HugeTLB registered 2.00 MiB page size, pre-allocated 0 pages
[    0.176918] ACPI: Added _OSI(Module Device)
[    0.176918] ACPI: Added _OSI(Processor Device)
[    0.177358] ACPI: Added _OSI(3.0 _SCP Extensions)
[    0.178040] ACPI: Added _OSI(Processor Aggregator Device)
[    0.178807] ACPI: Added _OSI(Linux-Dell-Video)
[    0.180005] ACPI: Added _OSI(Linux-Lenovo-NV-HDMI-Audio)
[    0.180780] ACPI: Added _OSI(Linux-HPI-Hybrid-Graphics)
[    0.181871] ACPI: Executed 1 blocks of module-level executable AML code
[    0.186047] ACPI: Interpreter enabled
[    0.186601] ACPI: (supports S0 S5)
[    0.187151] ACPI: Using IOAPIC for interrupt routing
[    0.188000] PCI: Using host bridge windows from ACPI; if necessary, use "pci=nocrs" and report a bug
[    0.188152] ACPI: Enabled 2 GPEs in block 00 to 07
[    0.190376] ACPI: PCI Root Bridge [PCI0] (domain 0000 [bus 00-ff])
[    0.191263] acpi PNP0A03:00: _OSC: OS supports [ExtendedConfig ASPM ClockPM Segments MSI]
[    0.196818] acpi PNP0A03:00: _OSC: platform does not support [PCIeCapability]
[    0.198227] acpi PNP0A03:00: _OSC: not requesting control; platform does not support [PCIeCapability]
[    0.200003] acpi PNP0A03:00: _OSC: OS requested [PCIeHotplug PME AER PCIeCapability]
[    0.201194] acpi PNP0A03:00: _OSC: platform willing to grant [PCIeHotplug PME AER]
[    0.202314] acpi PNP0A03:00: _OSC failed (AE_SUPPORT); disabling ASPM
[    0.204278] PCI host bridge to bus 0000:00
[    0.204881] pci_bus 0000:00: root bus resource [io  0x0000-0x0cf7 window]
[    0.205832] pci_bus 0000:00: root bus resource [io  0x0d00-0xffff window]
[    0.206785] pci_bus 0000:00: root bus resource [mem 0x000a0000-0x000bffff window]
[    0.207815] pci_bus 0000:00: root bus resource [mem 0xe0000000-0xfdffffff window]
[    0.208004] pci_bus 0000:00: root bus resource [bus 00-ff]
[    0.210459] pci 0000:00:01.1: legacy IDE quirk: reg 0x10: [io  0x01f0-0x01f7]
[    0.212002] pci 0000:00:01.1: legacy IDE quirk: reg 0x14: [io  0x03f6]
[    0.212904] pci 0000:00:01.1: legacy IDE quirk: reg 0x18: [io  0x0170-0x0177]
[    0.213885] pci 0000:00:01.1: legacy IDE quirk: reg 0x1c: [io  0x0376]
[    0.285489] pci 0000:00:07.0: quirk: [io  0x4000-0x403f] claimed by PIIX4 ACPI
[    0.286617] pci 0000:00:07.0: quirk: [io  0x4100-0x410f] claimed by PIIX4 SMB
[    0.313391] ACPI: PCI Interrupt Link [LNKA] (IRQs 5 9 10 *11)
[    0.314519] ACPI: PCI Interrupt Link [LNKB] (IRQs 5 9 *10 11)
[    0.314519] ACPI: PCI Interrupt Link [LNKC] (IRQs 5 *9 10 11)
[    0.314519] ACPI: PCI Interrupt Link [LNKD] (IRQs 5 9 10 *11)
[    0.314519] SCSI subsystem initialized
[    0.320054] pci 0000:00:02.0: vgaarb: setting as boot VGA device
[    0.320900] pci 0000:00:02.0: vgaarb: VGA device added: decodes=io+mem,owns=io+mem,locks=none
[    0.322099] pci 0000:00:02.0: vgaarb: bridge control possible
[    0.324002] vgaarb: loaded
[    0.324456] ACPI: bus type USB registered
[    0.325054] usbcore: registered new interface driver usbfs
[    0.325827] usbcore: registered new interface driver hub
[    0.326694] usbcore: registered new device driver usb
[    0.327477] EDAC MC: Ver: 3.0.0
[    0.328246] PCI: Using ACPI for IRQ routing
[    0.329083] NetLabel: Initializing
[    0.329605] NetLabel:  domain hash size = 128
[    0.330272] NetLabel:  protocols = UNLABELED CIPSOv4 CALIPSO
[    0.331077] NetLabel:  unlabeled traffic allowed by default
[    0.332051] clocksource: Switched to clocksource kvm-clock
[    0.372668] VFS: Disk quotas dquot_6.6.0
[    0.373295] VFS: Dquot-cache hash table entries: 512 (order 0, 4096 bytes)
[    0.374281] AppArmor: AppArmor Filesystem Enabled
[    0.374925] pnp: PnP ACPI init
[    0.376293] pnp: PnP ACPI: found 3 devices
[    0.386193] clocksource: acpi_pm: mask: 0xffffff max_cycles: 0xffffff, max_idle_ns: 2085701024 ns
[    0.387536] NET: Registered protocol family 2
[    0.388336] TCP established hash table entries: 65536 (order: 7, 524288 bytes)
[    0.389453] TCP bind hash table entries: 65536 (order: 8, 1048576 bytes)
[    0.424503] TCP: Hash tables configured (established 65536 bind 65536)
[    0.425395] UDP hash table entries: 4096 (order: 5, 131072 bytes)
[    0.426222] UDP-Lite hash table entries: 4096 (order: 5, 131072 bytes)
[    0.427204] NET: Registered protocol family 1
[    0.427935] pci 0000:00:00.0: Limiting direct PCI/PCI transfers
[    0.428456] pci 0000:00:01.0: Activating ISA DMA hang workarounds
[    0.428456] pci 0000:00:02.0: Video device with shadowed ROM at [mem 0x000c0000-0x000dffff]
[    0.428456] Unpacking initramfs...
[    1.366200] Freeing initrd memory: 19684K
[    1.366917] PCI-DMA: Using software bounce buffering for IO (SWIOTLB)
[    1.367956] software IO TLB: mapped [mem 0xdbff0000-0xdfff0000] (64MB)
[    1.368914] clocksource: tsc: mask: 0xffffffffffffffff max_cycles: 0x30eac9ca8e3, max_idle_ns: 440795333897 ns
[    1.370312] platform rtc_cmos: registered platform RTC device (no PNP device found)
[    1.371422] Scanning for low memory corruption every 60 seconds
[    1.372772] Initialise system trusted keyrings
[    1.373433] Key type blacklist registered
[    1.374170] workingset: timestamp_bits=36 max_order=21 bucket_order=0
[    1.375802] zbud: loaded
[    1.376718] squashfs: version 4.0 (2009/01/31) Phillip Lougher
[    1.377893] fuse init (API version 7.26)
[    1.383732] Key type asymmetric registered
[    1.384430] Asymmetric key parser 'x509' registered
[    1.385150] Block layer SCSI generic (bsg) driver version 0.4 loaded (major 246)
[    1.386276] io scheduler noop registered
[    1.386820] io scheduler deadline registered
[    1.387431] io scheduler cfq registered (default)
[    1.388400] ACPI: AC Adapter [AC] (on-line)
[    1.389009] input: Power Button as /devices/LNXSYSTM:00/LNXPWRBN:00/input/input0
[    1.390042] ACPI: Power Button [PWRF]
[    1.390586] input: Sleep Button as /devices/LNXSYSTM:00/LNXSLPBN:00/input/input1
[    1.391564] ACPI: Sleep Button [SLPF]
[    1.392353] Serial: 8250/16550 driver, 32 ports, IRQ sharing enabled
[    1.417546] 00:02: ttyS0 at I/O 0x3f8 (irq = 4, base_baud = 115200) is a 16550A
[    1.450125] Linux agpgart interface v0.103
[    1.452405] loop: module loaded
[    1.453929] scsi host0: ata_piix
[    1.454530] scsi host1: ata_piix
[    1.455054] ata1: PATA max UDMA/33 cmd 0x1f0 ctl 0x3f6 bmdma 0xd000 irq 14
[    1.455884] ata2: PATA max UDMA/33 cmd 0x170 ctl 0x376 bmdma 0xd008 irq 15
[    1.457116] libphy: Fixed MDIO Bus: probed
[    1.457825] tun: Universal TUN/TAP device driver, 1.6
[    1.458561] PPP generic driver version 2.4.2
[    1.459192] ehci_hcd: USB 2.0 'Enhanced' Host Controller (EHCI) Driver
[    1.471880] ehci-pci: EHCI PCI platform driver
[    1.472499] ehci-platform: EHCI generic platform driver
[    1.473179] ohci_hcd: USB 1.1 'Open' Host Controller (OHCI) Driver
[    1.474957] ohci-pci: OHCI PCI platform driver
[    1.475554] ohci-platform: OHCI generic platform driver
[    1.476442] uhci_hcd: USB Universal Host Controller Interface driver
[    1.478294] i8042: PNP: PS/2 Controller [PNP0303:PS2K,PNP0f03:PS2M] at 0x60,0x64 irq 1,12
[    1.480536] serio: i8042 KBD port at 0x60,0x64 irq 1
[    1.481328] serio: i8042 AUX port at 0x60,0x64 irq 12
[    1.482138] mousedev: PS/2 mouse device common for all mice
[    1.483363] input: AT Translated Set 2 keyboard as /devices/platform/i8042/serio0/input/input2
[    1.484463] rtc_cmos rtc_cmos: rtc core: registered rtc_cmos as rtc0
[    1.485371] rtc_cmos rtc_cmos: alarms up to one day, 114 bytes nvram
[    1.486199] i2c /dev entries driver
[    1.486703] device-mapper: uevent: version 1.0.3
[    1.487373] device-mapper: ioctl: 4.37.0-ioctl (2017-09-20) initialised: dm-devel@redhat.com
[    1.488623] ledtrig-cpu: registered to indicate activity on CPUs
[    1.489808] NET: Registered protocol family 10
[    1.507982] Segment Routing with IPv6
[    1.508571] NET: Registered protocol family 17
[    1.509214] Key type dns_resolver registered
[    1.509941] mce: Using 0 MCE banks
[    1.510420] RAS: Correctable Errors collector initialized.
[    1.511214] sched_clock: Marking stable (1509918788, 0)->(3268946625, -1759027837)
[    1.512564] registered taskstats version 1
[    1.513118] Loading compiled-in X.509 certificates
[    1.515522] Loaded X.509 cert 'Build time autogenerated kernel key: 3a65b6a3c8b5d6b297d77c25be9161529933bc49'
[    1.516788] zswap: loaded using pool lzo/zbud
[    1.519883] Key type big_key registered
[    1.520401] Key type trusted registered
[    1.522148] Key type encrypted registered
[    1.522691] AppArmor: AppArmor sha1 policy hashing enabled
[    1.523404] ima: No TPM chip found, activating TPM-bypass! (rc=-19)
[    1.524196] ima: Allocated hash algorithm: sha1
[    1.524811] evm: HMAC attrs: 0x1
[    1.525429]   Magic number: 7:783:642
[    1.526032] rtc_cmos rtc_cmos: setting system clock to 2019-10-05 17:36:59 UTC (1570297019)
[    1.527413] BIOS EDD facility v0.16 2004-Jun-25, 0 devices found
[    1.528419] EDD information not available.
[    1.622605] Freeing unused kernel image memory: 2436K
[    1.636090] Write protecting the kernel read-only data: 20480k
[    1.637362] Freeing unused kernel image memory: 2008K
[    1.638406] Freeing unused kernel image memory: 1888K
[    1.645580] x86/mm: Checked W+X mappings: passed, no W+X pages found.
Loading, please wait...
starting version 237
[    1.723500] e1000: Intel(R) PRO/1000 Network Driver - version 7.3.21-k8-NAPI
[    1.724557] e1000: Copyright (c) 1999-2006 Intel Corporation.
[    1.744925] Fusion MPT base driver 3.04.20
[    1.745580] Copyright (c) 1999-2008 LSI Corporation
[    1.764005] Fusion MPT SPI Host driver 3.04.20
[    1.765455] AVX2 version of gcm_enc/dec engaged.
[    1.766104] AES CTR mode by8 optimization enabled
[    1.929203] input: ImExPS/2 Generic Explorer Mouse as /devices/platform/i8042/serio1/input/input4
[    2.337363] e1000 0000:00:03.0 eth0: (PCI:33MHz:32-bit) 02:50:d4:3b:43:74
[    2.338460] e1000 0000:00:03.0 eth0: Intel(R) PRO/1000 Network Connection
[    2.340261] mptbase: ioc0: Initiating bringup
[    2.340693] e1000 0000:00:03.0 enp0s3: renamed from eth0
[    2.456191] ioc0: LSI53C1030 A0: Capabilities={Initiator}
[    2.698460] scsi host2: ioc0: LSI53C1030 A0, FwRev=00000000h, Ports=1, MaxQ=256, IRQ=20
[    3.216935] scsi 2:0:0:0: Direct-Access     VBOX     HARDDISK         1.0  PQ: 0 ANSI: 5
[    3.248918] scsi target2:0:0: Beginning Domain Validation
[    3.250473] scsi target2:0:0: Domain Validation skipping write tests
[    3.251386] scsi target2:0:0: Ending Domain Validation
[    3.252151] scsi target2:0:0: asynchronous
[    3.252994] scsi 2:0:1:0: Direct-Access     VBOX     HARDDISK         1.0  PQ: 0 ANSI: 5
[    3.412526] scsi target2:0:1: Beginning Domain Validation
[    3.414890] random: fast init done
[    3.415548] scsi target2:0:1: Domain Validation skipping write tests
[    3.416533] scsi target2:0:1: Ending Domain Validation
[    3.417320] scsi target2:0:1: asynchronous
[    3.420640] random: systemd-udevd: uninitialized urandom read (16 bytes read)
[    3.420689] sd 2:0:0:0: Attached scsi generic sg0 type 0
[    3.421693] random: systemd-udevd: uninitialized urandom read (16 bytes read)
[    3.422599] sd 2:0:1:0: Attached scsi generic sg1 type 0
[    3.423511] random: systemd-udevd: uninitialized urandom read (16 bytes read)
[    3.424439] sd 2:0:0:0: [sda] 20971520 512-byte logical blocks: (10.7 GB/10.0 GiB)
[    3.426417] sd 2:0:0:0: [sda] Write Protect is off
[    3.427232] sd 2:0:0:0: [sda] Incomplete mode parameter data
[    3.427250] sd 2:0:1:0: [sdb] 20480 512-byte logical blocks: (10.5 MB/10.0 MiB)
[    3.428050] sd 2:0:0:0: [sda] Assuming drive cache: write through
[    3.438106] sd 2:0:1:0: [sdb] Write Protect is off
[    3.438595]  sda: sda1
[    3.439614] sd 2:0:1:0: [sdb] Incomplete mode parameter data
[    3.439635] sd 2:0:0:0: [sda] Attached SCSI disk
[    3.440429] sd 2:0:1:0: [sdb] Assuming drive cache: write through
[    3.462937] sd 2:0:1:0: [sdb] Attached SCSI disk
Begin: Loading essential drivers ... [    5.094214] raid6: sse2x1   gen()  7464 MB/s
[    5.140070] raid6: sse2x1   xor()  5879 MB/s
[    5.199733] raid6: sse2x2   gen()   865 MB/s
[    5.248676] raid6: sse2x2   xor()  9996 MB/s
[    5.303476] raid6: sse2x4   gen()  1459 MB/s
[    5.352251] raid6: sse2x4   xor()  8574 MB/s
[    5.406908] raid6: avx2x1   gen()  3720 MB/s
[    5.452798] raid6: avx2x1   xor() 10942 MB/s
[    5.512515] raid6: avx2x2   gen()  1637 MB/s
[    5.561127] raid6: avx2x2   xor() 10273 MB/s
[    5.616017] raid6: avx2x4   gen()  1614 MB/s
[    5.665812] raid6: avx2x4   xor() 12494 MB/s
[    5.666461] raid6: using algorithm sse2x1 gen() 7464 MB/s
[    5.667224] raid6: .... xor() 5879 MB/s, rmw enabled
[    5.667956] raid6: using avx2x2 recovery algorithm
[    5.669477] xor: automatically using best checksumming function   avx       
[    5.671189] async_tx: api initialized (async)
done.
Begin: Running /scripts/init-premount ... done.
Begin: Mounting root file system ... Begin: Running /scripts/local-top ... done.
Begin: Running /scripts/local-premount ... [    5.755116] Btrfs loaded, crc32c=crc32c-intel
Scanning for Btrfs filesystems
done.
Warning: fsck not present, so skipping root file system
[    5.771909] EXT4-fs (sda1): INFO: recovery required on readonly filesystem
[    5.773020] EXT4-fs (sda1): write access will be enabled during recovery
[    7.164188] random: crng init done
[    7.164716] random: 7 urandom warning(s) missed due to ratelimiting
[   11.162875] EXT4-fs (sda1): recovery complete
[   11.163817] EXT4-fs (sda1): mounted filesystem with ordered data mode. Opts: (null)
done.
Begin: Running /scripts/local-bottom ... done.
Begin: Running /scripts/init-bottom ... done.
[   13.847930] ip_tables: (C) 2000-2006 Netfilter Core Team
[   13.946637] systemd[1]: systemd 237 running in system mode. (+PAM +AUDIT +SELINUX +IMA +APPARMOR +SMACK +SYSVINIT +UTMP +LIBCRYPTSETUP +GCRYPT +GNUTLS +ACL +XZ +LZ4 +SECCOMP +BLKID +ELFUTILS +KMOD -IDN2 +IDN -PCRE2 default-hierarchy=hybrid)
[   13.949620] systemd[1]: Detected virtualization oracle.
[   13.950375] systemd[1]: Detected architecture x86-64.

Welcome to [1mUbuntu 18.04.3 LTS[0m!

[   13.985471] systemd[1]: Set hostname to <ubuntu-bionic>.
[   16.544216] systemd[1]: Started Forward Password Requests to Wall Directory Watch.
[[0;32m  OK  [0m] Started Forward Password Requests to Wall Directory Watch.
[   16.546412] systemd[1]: Reached target User and Group Name Lookups.
[[0;32m  OK  [0m] Reached target User and Group Name Lookups.
[   16.561185] systemd[1]: Created slice User and Session Slice.
[[0;32m  OK  [0m] Created slice User and Session Slice.
[   16.562723] systemd[1]: Reached target Swap.
[[0;32m  OK  [0m] Reached target Swap.
[   16.563859] systemd[1]: Reached target System Time Synchronized.
[[0;32m  OK  [0m] Reached target System Time Synchronized.
[   16.565551] systemd[1]: Created slice System Slice.
[[0;32m  OK  [0m] Created slice System Slice.
[[0;32m  OK  [0m] Listening on Journal Socket.
         Mounting Huge Pages File System...
[[0;32m  OK  [0m] Created slice system-serial\x2dgetty.slice.
[[0;32m  OK  [0m] Listening on /dev/initctl Compatibility Named Pipe.
[[0;32m  OK  [0m] Listening on LVM2 poll daemon socket.
[[0;32m  OK  [0m] Listening on LVM2 metadata daemon socket.
[[0;32m  OK  [0m] Reached target Slices.
[[0;32m  OK  [0m] Listening on Network Service Netlink Socket.
[[0;32m  OK  [0m] Listening on Journal Audit Socket.
         Starting Uncomplicated firewall...
[[0;32m  OK  [0m] Listening on Syslog Socket.
         Mounting POSIX Message Queue File System...
[[0;32m  OK  [0m] Listening on udev Control Socket.
         Starting Create list of required st…ce nodes for the current kernel...
         Mounting Kernel Debug File System...
[[0;32m  OK  [0m] Listening on Journal Socket (/dev/log).
         Starting Journal Service...
         Starting Set the console keyboard layout...
[[0;32m  OK  [0m] Listening on Device-mapper event daemon FIFOs.
         Starting Monitoring of LVM2 mirrors…ng dmeventd or progress polling...
         Starting Remount Root and Kernel File Systems...
[[0;32m  OK  [0m] Set up automount Arbitrary Executab…rmats File System Automount Point.
[[0;32m  OK  [0m] Listening on udev Kernel Socket.
         Starting udev Coldplug all Devices...
         Starting Load Kernel Modules...
[[0;32m  OK  [0m] Mounted Huge Pages File System.
[[0;32m  OK  [0m] Started Uncomplicated firewall.
[[0;32m  OK  [0m] Mounted POSIX Message Queue File System.
[[0;32m  OK  [0m] Started Create list of required sta…vice nodes for the current kernel.
[[0;32m  OK  [0m] Mounted Kernel Debug File System.
         Starting Create Static Device Nodes in /dev...
[[0;32m  OK  [0m] Started udev Coldplug all Devices.
[   17.915972] EXT4-fs (sda1): re-mounted. Opts: (null)
[[0;32m  OK  [0m] Started Remount Root and Kernel File Systems.
         Starting Load/Save Random Seed...
[[0;32m  OK  [0m] Started Journal Service.
         Starting Flush Journal to Persistent Storage...
[   18.229078] systemd-journald[395]: Received request to flush runtime journal from PID 1
[[0;32m  OK  [0m] Started Set the console keyboard layout.
[[0;32m  OK  [0m] Started Load/Save Random Seed.
[   18.552520] Loading iSCSI transport class v2.0-870.
[   18.580706] iscsi: registered transport (tcp)
[[0;32m  OK  [0m] Started Create Static Device Nodes in /dev.
         Starting udev Kernel Device Manager...
[[0;32m  OK  [0m] Started LVM2 metadata daemon.
[   18.797184] systemd-journald[395]: File /var/log/journal/a9b0d25bf480426baee2ad8b115da898/system.journal corrupted or uncleanly shut down, renaming and replacing.
[[0;32m  OK  [0m] Started Monitoring of LVM2 mirrors,…sing dmeventd or progress polling.
[[0;32m  OK  [0m] Reached target Local File Systems (Pre).
[   18.836891] iscsi: registered transport (iser)
         Mounting Mount unit for core, revision 7713...
         Mounting Mount unit for doctl, revision 187...
[[0;32m  OK  [0m] Reached target Local File Systems.
         Starting Enable support for additional executable binary formats...
         Starting ebtables ruleset management...
         Starting Set console font and keymap...
         Starting Tell Plymouth To Write Out Runtime Data...
         Starting AppArmor initialization...
[[0;32m  OK  [0m] Started Load Kernel Modules.
         Starting Apply Kernel Variables...
         Mounting Kernel Configuration File System...
         Mounting FUSE Control File System...
[[0;32m  OK  [0m] Mounted Kernel Configuration File System.
[[0;32m  OK  [0m] Mounted FUSE Control File System.
[[0;32m  OK  [0m] Started Set console font and keymap.
[[0;32m  OK  [0m] Started Flush Journal to Persistent Storage.
         Starting Create Volatile Files and Directories...
[[0;32m  OK  [0m] Started Tell Plymouth To Write Out Runtime Data.
[[0;32m  OK  [0m] Mounted Mount unit for doctl, revision 187.
         Mounting Arbitrary Executable File Formats File System...
[[0;32m  OK  [0m] Mounted Mount unit for core, revision 7713.
[[0;32m  OK  [0m] Started Apply Kernel Variables.
[[0;32m  OK  [0m] Mounted Arbitrary Executable File Formats File System.
[[0;32m  OK  [0m] Started Enable support for additional executable binary formats.
[[0;32m  OK  [0m] Started ebtables ruleset management.
[[0;32m  OK  [0m] Started udev Kernel Device Manager.
[[0;32m  OK  [0m] Started Dispatch Password Requests to Console Directory Watch.
[[0;32m  OK  [0m] Reached target Local Encrypted Volumes.
[[0;32m  OK  [0m] Found device /dev/ttyS0.
[[0;32m  OK  [0m] Listening on Load/Save RF Kill Switch Status /dev/rfkill Watch.
[[0;32m  OK  [0m] Started Create Volatile Files and Directories.
         Starting Update UTMP about System Boot/Shutdown...
[[0;32m  OK  [0m] Started Update UTMP about System Boot/Shutdown.
[[0;32m  OK  [0m] Started AppArmor initialization.
         Starting Initial cloud-init job (pre-networking)...
[   31.242943] cloud-init[572]: Cloud-init v. 19.2-24-ge7881d5c-0ubuntu1~18.04.1 running 'init-local' at Sat, 05 Oct 2019 17:37:28 +0000. Up 30.83 seconds.
[[0;32m  OK  [0m] Started Initial cloud-init job (pre-networking).
[[0;32m  OK  [0m] Reached target Network (Pre).
         Starting Network Service...
[[0;32m  OK  [0m] Started Network Service.
         Starting Network Name Resolution...
         Starting Wait for Network to be Configured...
[[0;32m  OK  [0m] Started Network Name Resolution.
[[0;32m  OK  [0m] Reached target Host and Network Name Lookups.
[[0;32m  OK  [0m] Started Wait for Network to be Configured.
         Starting Initial cloud-init job (metadata service crawler)...
[   33.890988] cloud-init[715]: Cloud-init v. 19.2-24-ge7881d5c-0ubuntu1~18.04.1 running 'init' at Sat, 05 Oct 2019 17:37:31 +0000. Up 33.63 seconds.
[   33.893172] cloud-init[715]: ci-info: ++++++++++++++++++++++++++++++++++++++Net device info++++++++++++++++++++++++++++++++++++++
[   33.894882] cloud-init[715]: ci-info: +--------+------+----------------------------+---------------+--------+-------------------+
[   33.896313] cloud-init[715]: ci-info: | Device |  Up  |          Address           |      Mask     | Scope  |     Hw-Address    |
[   33.897641] cloud-init[715]: ci-info: +--------+------+----------------------------+---------------+--------+-------------------+
[   33.898947] cloud-init[715]: ci-info: | enp0s3 | True |         10.0.2.15          | 255.255.255.0 | global | 02:50:d4:3b:43:74 |
[   33.900317] cloud-init[715]: ci-info: | enp0s3 | True | fe80::50:d4ff:fe3b:4374/64 |       .       |  link  | 02:50:d4:3b:43:74 |
[   33.901647] cloud-init[715]: ci-info: |   lo   | True |         127.0.0.1          |   255.0.0.0   |  host  |         .         |
[   33.902936] cloud-init[715]: ci-info: |   lo   | True |          ::1/128           |       .       |  host  |         .         |
[   33.904291] cloud-init[715]: ci-info: +--------+------+----------------------------+---------------+--------+-------------------+
[   33.905745] cloud-init[715]: ci-info: ++++++++++++++++++++++++++++Route IPv4 info+++++++++++++++++++++++++++++
[   33.916866] cloud-init[715]: ci-info: +-------+-------------+----------+-----------------+-----------+-------+
[   33.918073] cloud-init[715]: ci-info: | Route | Destination | Gateway  |     Genmask     | Interface | Flags |
[   33.919405] cloud-init[715]: ci-info: +-------+-------------+----------+-----------------+-----------+-------+
[   33.921835] cloud-init[715]: ci-info: |   0   |   0.0.0.0   | 10.0.2.2 |     0.0.0.0     |   enp0s3  |   UG  |
[   33.922932] cloud-init[715]: ci-info: |   1   |   10.0.2.0  | 0.0.0.0  |  255.255.255.0  |   enp0s3  |   U   |
[   33.924008] cloud-init[715]: ci-info: |   2   |   10.0.2.2  | 0.0.0.0  | 255.255.255.255 |   enp0s3  |   UH  |
[   33.927586] cloud-init[715]: ci-info: +-------+-------------+----------+-----------------+-----------+-------+
[   33.928830] cloud-init[715]: ci-info: +++++++++++++++++++Route IPv6 info+++++++++++++++++++
[   33.932366] cloud-init[715]: ci-info: +-------+-------------+---------+-----------+-------+
[   33.933272] cloud-init[715]: ci-info: | Route | Destination | Gateway | Interface | Flags |
[   33.934289] cloud-init[715]: ci-info: +-------+-------------+---------+-----------+-------+
[   33.935265] cloud-init[715]: ci-info: |   1   |  fe80::/64  |    ::   |   enp0s3  |   U   |
[   33.937290] cloud-init[715]: ci-info: |   3   |    local    |    ::   |   enp0s3  |   U   |
[   33.938096] cloud-init[715]: ci-info: |   4   |   ff00::/8  |    ::   |   enp0s3  |   U   |
[   33.939367] cloud-init[715]: ci-info: +-------+-------------+---------+-----------+-------+
[[0;32m  OK  [0m] Started Initial cloud-init job (metadata service crawler).
[[0;32m  OK  [0m] Reached target Cloud-config availability.
[[0;32m  OK  [0m] Reached target System Initialization.
[[0;32m  OK  [0m] Listening on D-Bus System Message Bus Socket.
         Starting Socket activation for snappy daemon.
         Starting LXD - unix socket.
[[0;32m  OK  [0m] Started Discard unused blocks once a week.
[[0;32m  OK  [0m] Listening on ACPID Listen Socket.
[[0;32m  OK  [0m] Listening on Avahi mDNS/DNS-SD Stack Activation Socket.
[[0;32m  OK  [0m] Started Message of the Day.
[[0;32m  OK  [0m] Started Daily apt download activities.
[[0;32m  OK  [0m] Started Daily apt upgrade and clean activities.
[[0;32m  OK  [0m] Started ACPI Events Check.
         Starting Docker Socket for the API.
[[0;32m  OK  [0m] Listening on UUID daemon activation socket.
[[0;32m  OK  [0m] Reached target Paths.
[[0;32m  OK  [0m] Listening on Open-iSCSI iscsid Socket.
[[0;32m  OK  [0m] Started Daily Cleanup of Temporary Directories.
[[0;32m  OK  [0m] Reached target Timers.
[[0;32m  OK  [0m] Listening on Socket activation for snappy daemon.
[[0;32m  OK  [0m] Listening on LXD - unix socket.
[[0;32m  OK  [0m] Listening on Docker Socket for the API.
[[0;32m  OK  [0m] Reached target Sockets.
[[0;32m  OK  [0m] Reached target Basic System.
         Starting Dispatcher daemon for systemd-networkd...
         Starting Modem Manager...
[[0;32m  OK  [0m] Started Deferred execution scheduler.
         Starting Avahi mDNS/DNS-SD Stack...
         Starting LSB: Record successful boot for GRUB...
         Starting Accounts Service...
         Starting Virtualbox guest utils...
         Starting Login Service...
[[0;32m  OK  [0m] Started D-Bus System Message Bus.
[[0;32m  OK  [0m] Started Login Service.
[[0;32m  OK  [0m] Started FUSE filesystem for LXC.
         Starting System Logging Service...
         Starting WPA supplicant...
[[0;32m  OK  [0m] Started irqbalance daemon.
[[0;32m  OK  [0m] Started Regular background program processing daemon.
         Starting LXD - container startup/shutdown...
         Starting Snappy daemon...
[[0;32m  OK  [0m] Started Dispatcher daemon for systemd-networkd.
[[0;32m  OK  [0m] Started Avahi mDNS/DNS-SD Stack.
         Starting Authorization Manager...
[[0;32m  OK  [0m] Started WPA supplicant.
[[0;32m  OK  [0m] Reached target Network.
[[0;32m  OK  [0m] Reached target Network is Online.
         Starting Message of the Day...
         Starting Docker Application Container Engine...
[[0;32m  OK  [0m] Reached target Remote File Systems (Pre).
[[0;32m  OK  [0m] Reached target Remote File Systems.
         Starting LSB: automatic crash report generation...
         Starting Availability of block devices...
[[0;32m  OK  [0m] Started Unattended Upgrades Shutdown.
         Starting OpenBSD Secure Shell server...
         Starting Permit User Sessions...
         Starting Advanced key-value store...
[[0;32m  OK  [0m] Started System Logging Service.
[[0;32m  OK  [0m] Started LSB: Record successful boot for GRUB.
[[0;32m  OK  [0m] Started Availability of block devices.
[[0;32m  OK  [0m] Started Permit User Sessions.
         Starting Hold until boot process finishes up...
         Starting Terminate Plymouth Boot Screen...
[[0;32m  OK  [0m] Started Hold until boot process finishes up.
[[0;32m  OK  [0m] Started Serial Getty on ttyS0.
         Starting Set console scheme...
[[0;32m  OK  [0m] Started Terminate Plymouth Boot Screen.
[[0;32m  OK  [0m] Started Authorization Manager.
[[0;32m  OK  [0m] Started Accounts Service.
[[0;32m  OK  [0m] Started LSB: automatic crash report generation.
[[0;32m  OK  [0m] Started Set console scheme.
[[0;32m  OK  [0m] Created slice system-getty.slice.
[[0;32m  OK  [0m] Started Getty on tty1.
[[0;32m  OK  [0m] Reached target Login Prompts.
[[0;32m  OK  [0m] Started Virtualbox guest utils.
[[0;32m  OK  [0m] Started Advanced key-value store.
[[0;32m  OK  [0m] Started Modem Manager.
[[0;32m  OK  [0m] Started OpenBSD Secure Shell server.

Ubuntu 18.04.3 LTS ubuntu-bionic ttyS0

ubuntu-bionic login: [   53.554999] cloud-init[1449]: Cloud-init v. 19.2-24-ge7881d5c-0ubuntu1~18.04.1 running 'modules:config' at Sat, 05 Oct 2019 17:37:51 +0000. Up 53.21 seconds.
[   62.898513] cloud-init[1662]: Cloud-init v. 19.2-24-ge7881d5c-0ubuntu1~18.04.1 running 'modules:final' at Sat, 05 Oct 2019 17:37:59 +0000. Up 61.39 seconds.
[   62.898614] cloud-init[1662]: Cloud-init v. 19.2-24-ge7881d5c-0ubuntu1~18.04.1 finished at Sat, 05 Oct 2019 17:38:00 +0000. Datasource DataSourceNoCloud [seed=/dev/sdb][dsmode=net].  Up 62.85 seconds
